app/build/intermediates/manifest_merge_blame_file/debug/manifest-merger-blame-debug-report.txt
1<?xml version="1.0" encoding="utf-8"?>
2<manifest xmlns:android="http://schemas.android.com/apk/res/android"
3    package="com.example.qctestingapp"
4    android:versionCode="1"
5    android:versionName="1.0" >
6
7    <uses-sdk
8        android:minSdkVersion="22"
8-->src\main\AndroidManifest.xml
9        android:targetSdkVersion="30" />
9-->src\main\AndroidManifest.xml
10
11    <uses-permission android:name="android.permission.CAMERA" />
11-->src\main\AndroidManifest.xml:6:5-65
11-->src\main\AndroidManifest.xml:6:22-62
12    <uses-permission android:name="android.permission.WRITE_EXTERNAL_STORAGE" />
12-->src\main\AndroidManifest.xml:7:5-81
12-->src\main\AndroidManifest.xml:7:22-78
13    <uses-permission android:name="android.permission.READ_EXTERNAL_STORAGE" />
13-->src\main\AndroidManifest.xml:8:5-80
13-->src\main\AndroidManifest.xml:8:22-77
14    <uses-permission android:name="android.permission.INTERNET" />
14-->src\main\AndroidManifest.xml:9:5-67
14-->src\main\AndroidManifest.xml:9:22-64
15    <uses-permission android:name="android.permission.ACCESS_NETWORK_STATE" />
15-->src\main\AndroidManifest.xml:10:5-79
15-->src\main\AndroidManifest.xml:10:22-76
16
17    <uses-feature
17-->src\main\AndroidManifest.xml:12:5-14:35
18        android:name="android.hardware.camera"
18-->src\main\AndroidManifest.xml:13:9-47
19        android:required="true" />
19-->src\main\AndroidManifest.xml:14:9-32
20
21    <uses-permission android:name="android.permission.USE_BIOMETRIC" /> <!-- suppress DeprecatedClassUsageInspection -->
21-->[androidx.biometric:biometric:1.1.0] AndroidManifest.xml:24:5-72
21-->[androidx.biometric:biometric:1.1.0] AndroidManifest.xml:24:22-69
22    <uses-permission android:name="android.permission.USE_FINGERPRINT" />
22-->[androidx.biometric:biometric:1.1.0] AndroidManifest.xml:27:5-74
22-->[androidx.biometric:biometric:1.1.0] AndroidManifest.xml:27:22-71
23
24    <application
24-->src\main\AndroidManifest.xml:16:5-79:19
25        android:allowBackup="true"
25-->src\main\AndroidManifest.xml:17:9-35
26        android:appComponentFactory="androidx.core.app.CoreComponentFactory"
26-->[androidx.core:core:1.3.2] AndroidManifest.xml:24:18-86
27        android:debuggable="true"
28        android:hardwareAccelerated="false"
28-->src\main\AndroidManifest.xml:18:9-44
29        android:icon="@drawable/at_logo"
29-->src\main\AndroidManifest.xml:19:9-41
30        android:label="@string/app_name"
30-->src\main\AndroidManifest.xml:20:9-41
31        android:largeHeap="true"
31-->src\main\AndroidManifest.xml:21:9-33
32        android:networkSecurityConfig="@xml/network_security_config"
32-->src\main\AndroidManifest.xml:22:9-69
33        android:requestLegacyExternalStorage="true"
33-->src\main\AndroidManifest.xml:23:9-52
34        android:roundIcon="@drawable/at_logo"
34-->src\main\AndroidManifest.xml:24:9-46
35        android:supportsRtl="true"
35-->src\main\AndroidManifest.xml:25:9-35
36        android:testOnly="true"
37        android:theme="@style/Theme.QCTestingApp"
37-->src\main\AndroidManifest.xml:26:9-50
38        android:usesCleartextTraffic="true" >
38-->src\main\AndroidManifest.xml:27:9-44
39        <activity android:name="com.example.qctestingapp.Battery" />
39-->src\main\AndroidManifest.xml:28:9-54
39-->src\main\AndroidManifest.xml:28:19-42
40        <activity android:name="com.example.qctestingapp.Questions" />
40-->src\main\AndroidManifest.xml:29:9-47
40-->src\main\AndroidManifest.xml:29:19-44
41        <activity android:name="com.example.qctestingapp.CustomCamera" />
41-->src\main\AndroidManifest.xml:30:9-50
41-->src\main\AndroidManifest.xml:30:19-47
42        <activity android:name="com.example.qctestingapp.QCheck1" />
42-->src\main\AndroidManifest.xml:31:9-45
42-->src\main\AndroidManifest.xml:31:19-42
43        <activity android:name="com.example.qctestingapp.QRScanner" />
43-->src\main\AndroidManifest.xml:32:9-47
43-->src\main\AndroidManifest.xml:32:19-44
44        <activity android:name="com.example.qctestingapp.QRScan" />
44-->src\main\AndroidManifest.xml:33:9-44
44-->src\main\AndroidManifest.xml:33:19-41
45        <activity android:name="com.example.qctestingapp.MasterImages" />
45-->src\main\AndroidManifest.xml:34:9-50
45-->src\main\AndroidManifest.xml:34:19-47
46        <activity android:name="com.example.qctestingapp.QCheck" />
46-->src\main\AndroidManifest.xml:35:9-44
46-->src\main\AndroidManifest.xml:35:19-41
47        <activity android:name="com.example.qctestingapp.ScanQR" />
47-->src\main\AndroidManifest.xml:36:9-44
47-->src\main\AndroidManifest.xml:36:19-41
48        <activity android:name="com.example.qctestingapp.CameraPreview" />
48-->src\main\AndroidManifest.xml:37:9-51
48-->src\main\AndroidManifest.xml:37:19-48
49        <activity android:name="com.example.qctestingapp.ImageRegistration" />
49-->src\main\AndroidManifest.xml:38:9-55
49-->src\main\AndroidManifest.xml:38:19-52
50        <activity android:name="com.example.qctestingapp.ScanQR1" />
50-->src\main\AndroidManifest.xml:39:9-45
50-->src\main\AndroidManifest.xml:39:19-42
51        <activity
51-->src\main\AndroidManifest.xml:40:9-43:69
52            android:name="com.example.qctestingapp.Main_page"
52-->src\main\AndroidManifest.xml:41:13-38
53            android:label="@string/title_activity_main_page"
53-->src\main\AndroidManifest.xml:42:13-61
54            android:theme="@style/Theme.QCTestingApp.NoActionBar" />
54-->src\main\AndroidManifest.xml:43:13-66
55        <activity android:name="com.example.qctestingapp.MainActivity" >
55-->src\main\AndroidManifest.xml:44:9-50:20
55-->src\main\AndroidManifest.xml:44:19-47
56            <intent-filter>
56-->src\main\AndroidManifest.xml:45:13-49:29
57                <action android:name="android.intent.action.MAIN" />
57-->src\main\AndroidManifest.xml:46:17-69
57-->src\main\AndroidManifest.xml:46:25-66
58
59                <category android:name="android.intent.category.LAUNCHER" />
59-->src\main\AndroidManifest.xml:48:17-77
59-->src\main\AndroidManifest.xml:48:27-74
60            </intent-filter>
61        </activity>
62
63        <receiver android:name="com.example.qctestingapp.NetworkStateChecker" >
63-->src\main\AndroidManifest.xml:52:9-56:20
63-->src\main\AndroidManifest.xml:52:19-54
64            <intent-filter>
64-->src\main\AndroidManifest.xml:53:13-55:29
65                <action android:name="android.net.conn.CONNECTIVITY_CHANGE" />
65-->src\main\AndroidManifest.xml:54:17-79
65-->src\main\AndroidManifest.xml:54:25-76
66            </intent-filter>
67        </receiver>
68
69        <service
69-->src\main\AndroidManifest.xml:58:9-62:44
70            android:name="com.example.qctestingapp.MyService"
70-->src\main\AndroidManifest.xml:59:13-38
71            android:enabled="true"
71-->src\main\AndroidManifest.xml:60:13-35
72            android:exported="false"
72-->src\main\AndroidManifest.xml:61:13-37
73            android:stopWithTask="false" />
73-->src\main\AndroidManifest.xml:62:13-41
74
75        <provider
75-->src\main\AndroidManifest.xml:64:9-74:20
76            android:name="androidx.core.content.FileProvider"
76-->src\main\AndroidManifest.xml:65:13-62
77            android:authorities="com.example.qctestingapp.fileprovider"
77-->src\main\AndroidManifest.xml:66:13-72
78            android:exported="false"
78-->src\main\AndroidManifest.xml:67:13-37
79            android:grantUriPermissions="true" >
79-->src\main\AndroidManifest.xml:68:13-47
80            <meta-data
80-->src\main\AndroidManifest.xml:70:13-73:52
81                android:name="android.support.FILE_PROVIDER_PATHS"
81-->src\main\AndroidManifest.xml:71:17-67
82                android:resource="@xml/provider_paths" />
82-->src\main\AndroidManifest.xml:72:17-55
83        </provider>
84
85        <uses-library
85-->src\main\AndroidManifest.xml:76:9-78:40
86            android:name="org.apache.http.legacy"
86-->src\main\AndroidManifest.xml:77:13-50
87            android:required="false" />
87-->src\main\AndroidManifest.xml:78:13-37
88
89        <activity
89-->[com.google.android.gms:play-services-base:11.8.0] AndroidManifest.xml:23:9-26:75
90            android:name="com.google.android.gms.common.api.GoogleApiActivity"
90-->[com.google.android.gms:play-services-base:11.8.0] AndroidManifest.xml:24:13-79
91            android:exported="false"
91-->[com.google.android.gms:play-services-base:11.8.0] AndroidManifest.xml:25:13-37
92            android:theme="@android:style/Theme.Translucent.NoTitleBar" />
92-->[com.google.android.gms:play-services-base:11.8.0] AndroidManifest.xml:26:13-72
93
94        <meta-data
94-->[com.google.android.gms:play-services-basement:11.8.0] AndroidManifest.xml:23:9-25:69
95            android:name="com.google.android.gms.version"
95-->[com.google.android.gms:play-services-basement:11.8.0] AndroidManifest.xml:24:13-58
96            android:value="@integer/google_play_services_version" />
96-->[com.google.android.gms:play-services-basement:11.8.0] AndroidManifest.xml:25:13-66
97    </application>
98
99</manifest>